Determining if the pthread_create exist failed with the following output:
Change Dir: /home/baxter-dev/ros_workspace/baxter_ms/catkin/build/CMakeFiles/CMakeTmp

Run Build Command:/usr/bin/make "cmTryCompileExec2956378101/fast"
/usr/bin/make -f CMakeFiles/cmTryCompileExec2956378101.dir/build.make CMakeFiles/cmTryCompileExec2956378101.dir/build
make[1]: Entering directory `/home/baxter-dev/ros_workspace/baxter_ms/catkin/build/CMakeFiles/CMakeTmp'
/usr/bin/cmake -E cmake_progress_report /home/baxter-dev/ros_workspace/baxter_ms/catkin/build/CMakeFiles/CMakeTmp/CMakeFiles 1
Building C object CMakeFiles/cmTryCompileExec2956378101.dir/CheckSymbolExists.c.o
/usr/bin/cc    -o CMakeFiles/cmTryCompileExec2956378101.dir/CheckSymbolExists.c.o   -c /home/baxter-dev/ros_workspace/baxter_ms/catkin/build/CMakeFiles/CMakeTmp/CheckSymbolExists.c
Linking C executable cmTryCompileExec2956378101
/usr/bin/cmake -E cmake_link_script CMakeFiles/cmTryCompileExec2956378101.dir/link.txt --verbose=1
/usr/bin/cc       CMakeFiles/cmTryCompileExec2956378101.dir/CheckSymbolExists.c.o  -o cmTryCompileExec2956378101 -rdynamic 
CMakeFiles/cmTryCompileExec2956378101.dir/CheckSymbolExists.c.o: In function `main':
CheckSymbolExists.c:(.text+0x16): undefined reference to `pthread_create'
collect2: error: ld returned 1 exit status
make[1]: *** [cmTryCompileExec2956378101] Error 1
make[1]: Leaving directory `/home/baxter-dev/ros_workspace/baxter_ms/catkin/build/CMakeFiles/CMakeTmp'
make: *** [cmTryCompileExec2956378101/fast] Error 2

File /home/baxter-dev/ros_workspace/baxter_ms/catkin/build/CMakeFiles/CMakeTmp/CheckSymbolExists.c:
/* */
#include <pthread.h>

int main(int argc, char** argv)
{
  (void)argv;
#ifndef pthread_create
  return ((int*)(&pthread_create))[argc];
#else
  (void)argc;
  return 0;
#endif
}

Determining if the function pthread_create exists in the pthreads failed with the following output:
Change Dir: /home/baxter-dev/ros_workspace/baxter_ms/catkin/build/CMakeFiles/CMakeTmp

Run Build Command:/usr/bin/make "cmTryCompileExec2924314706/fast"
/usr/bin/make -f CMakeFiles/cmTryCompileExec2924314706.dir/build.make CMakeFiles/cmTryCompileExec2924314706.dir/build
make[1]: Entering directory `/home/baxter-dev/ros_workspace/baxter_ms/catkin/build/CMakeFiles/CMakeTmp'
/usr/bin/cmake -E cmake_progress_report /home/baxter-dev/ros_workspace/baxter_ms/catkin/build/CMakeFiles/CMakeTmp/CMakeFiles 1
Building C object CMakeFiles/cmTryCompileExec2924314706.dir/CheckFunctionExists.c.o
/usr/bin/cc   -DCHECK_FUNCTION_EXISTS=pthread_create   -o CMakeFiles/cmTryCompileExec2924314706.dir/CheckFunctionExists.c.o   -c /usr/share/cmake-2.8/Modules/CheckFunctionExists.c
Linking C executable cmTryCompileExec2924314706
/usr/bin/cmake -E cmake_link_script CMakeFiles/cmTryCompileExec2924314706.dir/link.txt --verbose=1
/usr/bin/cc   -DCHECK_FUNCTION_EXISTS=pthread_create    CMakeFiles/cmTryCompileExec2924314706.dir/CheckFunctionExists.c.o  -o cmTryCompileExec2924314706 -rdynamic -lpthreads 
/usr/bin/ld: cannot find -lpthreads
collect2: error: ld returned 1 exit status
make[1]: *** [cmTryCompileExec2924314706] Error 1
make[1]: Leaving directory `/home/baxter-dev/ros_workspace/baxter_ms/catkin/build/CMakeFiles/CMakeTmp'
make: *** [cmTryCompileExec2924314706/fast] Error 2


